<?xml version="1.0" encoding="UTF-8"?>
<testsuite xmlns:xsi="http://www.w3.org/2001/XMLSchema-instance" xsi:noNamespaceSchemaLocation="https://maven.apache.org/surefire/maven-surefire-plugin/xsd/surefire-test-report-3.0.xsd" version="3.0" name="com.protech.pharmaplus.PharmaPlusApplicationTests" time="4.804" tests="1" errors="0" skipped="0" failures="0">
  <properties>
[...]
</properties>
  <testcase name="contextLoads" classname="com.protech.pharmaplus.PharmaPlusApplicationTests" time="0.625">
    <system-out><![CDATA[15:52:08.841 [main] INFO org.springframework.test.context.support.AnnotationConfigContextLoaderUtils -- Could not detect default configuration classes for test class [com.protech.pharmaplus.PharmaPlusApplicationTests]: PharmaPlusApplicationTests does not declare any static, non-private, non-final, nested classes annotated with @Configuration.
15:52:08.940 [main] INFO org.springframework.boot.test.context.SpringBootTestContextBootstrapper -- Found @SpringBootConfiguration com.protech.pharmaplus.PharmaPlusApplication for test class com.protech.pharmaplus.PharmaPlusApplicationTests

  .   ____          _            __ _ _
 /\\ / ___'_ __ _ _(_)_ __  __ _ \ \ \ \
( ( )\___ | '_ | '_| | '_ \/ _` | \ \ \ \
 \\/  ___)| |_)| | | | | || (_| |  ) ) ) )
  '  |____| .__|_| |_|_| |_\__, | / / / /
 =========|_|==============|___/=/_/_/_/
 :: Spring Boot ::                (v3.1.0)

2023-07-30T15:52:09.285+05:30  WARN 3024 --- [           main] ory$DuplicateJsonObjectContextCustomizer : 

Found multiple occurrences of org.json.JSONObject on the class path:

	jar:file:/C:/Users/Aditya/.m2/repository/org/json/json/20180130/json-20180130.jar!/org/json/JSONObject.class
	jar:file:/C:/Users/Aditya/.m2/repository/com/vaadin/external/google/android-json/0.0.20131108.vaadin1/android-json-0.0.20131108.vaadin1.jar!/org/json/JSONObject.class

You may wish to exclude one of them to ensure predictable runtime behavior

2023-07-30T15:52:09.300+05:30  INFO 3024 --- [           main] c.p.p.PharmaPlusApplicationTests         : Starting PharmaPlusApplicationTests using Java 17.0.7 with PID 3024 (started by Aditya in C:\Users\Aditya\OneDrive\Desktop\New folder\STS\PHARMA-PLUS)
2023-07-30T15:52:09.301+05:30  INFO 3024 --- [           main] c.p.p.PharmaPlusApplicationTests         : No active profile set, falling back to 1 default profile: "default"
2023-07-30T15:52:09.791+05:30  INFO 3024 --- [           main] .s.d.r.c.RepositoryConfigurationDelegate : Bootstrapping Spring Data JPA repositories in DEFAULT mode.
2023-07-30T15:52:09.843+05:30  INFO 3024 --- [           main] .s.d.r.c.RepositoryConfigurationDelegate : Finished Spring Data repository scanning in 45 ms. Found 2 JPA repository interfaces.
2023-07-30T15:52:10.244+05:30  INFO 3024 --- [           main] o.hibernate.jpa.internal.util.LogHelper  : HHH000204: Processing PersistenceUnitInfo [name: default]
2023-07-30T15:52:10.317+05:30  INFO 3024 --- [           main] org.hibernate.Version                    : HHH000412: Hibernate ORM core version 6.2.2.Final
2023-07-30T15:52:10.319+05:30  INFO 3024 --- [           main] org.hibernate.cfg.Environment            : HHH000406: Using bytecode reflection optimizer
2023-07-30T15:52:10.566+05:30  INFO 3024 --- [           main] o.h.b.i.BytecodeProviderInitiator        : HHH000021: Bytecode provider name : bytebuddy
2023-07-30T15:52:10.772+05:30  INFO 3024 --- [           main] o.s.o.j.p.SpringPersistenceUnitInfo      : No LoadTimeWeaver setup: ignoring JPA class transformer
2023-07-30T15:52:10.787+05:30  INFO 3024 --- [           main] com.zaxxer.hikari.HikariDataSource       : HikariPool-1 - Starting...
2023-07-30T15:52:11.108+05:30  INFO 3024 --- [           main] com.zaxxer.hikari.pool.HikariPool        : HikariPool-1 - Added connection com.mysql.cj.jdbc.ConnectionImpl@74cd798f
2023-07-30T15:52:11.110+05:30  INFO 3024 --- [           main] com.zaxxer.hikari.HikariDataSource       : HikariPool-1 - Start completed.
2023-07-30T15:52:11.148+05:30  INFO 3024 --- [           main] org.hibernate.orm.dialect                : HHH035001: Using dialect: org.hibernate.dialect.MySQL8Dialect, version: 8.0
2023-07-30T15:52:11.149+05:30  WARN 3024 --- [           main] org.hibernate.orm.deprecation            : HHH90000026: MySQL8Dialect has been deprecated; use org.hibernate.dialect.MySQLDialect instead
2023-07-30T15:52:11.378+05:30  INFO 3024 --- [           main] o.h.b.i.BytecodeProviderInitiator        : HHH000021: Bytecode provider name : bytebuddy
2023-07-30T15:52:11.996+05:30  INFO 3024 --- [           main] o.h.e.t.j.p.i.JtaPlatformInitiator       : HHH000490: Using JtaPlatform implementation: [org.hibernate.engine.transaction.jta.platform.internal.NoJtaPlatform]
Hibernate: 
    alter table item 
       modify column image  MEDIUMBLOB
Hibernate: 
    alter table item 
       modify column price  float(53) not null
Hibernate: 
    alter table product 
       modify column image  MEDIUMBLOB
2023-07-30T15:52:12.109+05:30  INFO 3024 --- [           main] j.LocalContainerEntityManagerFactoryBean : Initialized JPA EntityManagerFactory for persistence unit 'default'
2023-07-30T15:52:12.550+05:30  WARN 3024 --- [           main] JpaBaseConfiguration$JpaWebConfiguration : spring.jpa.open-in-view is enabled by default. Therefore, database queries may be performed during view rendering. Explicitly configure spring.jpa.open-in-view to disable this warning
2023-07-30T15:52:12.834+05:30  INFO 3024 --- [           main] c.p.p.PharmaPlusApplicationTests         : Started PharmaPlusApplicationTests in 3.762 seconds (process running for 5.052)
]]></system-out>
  </testcase>
</testsuite>